2025-08-19 00:42:19,971 INFO RPC interface 'supervisor' initialized
2025-08-19 00:42:19,971 CRIT Server 'unix_http_server' running without any HTTP authentication checking
2025-08-19 00:42:19,974 INFO daemonizing the supervisord process
2025-08-19 00:42:19,974 INFO supervisord started with pid 1210
2025-08-19 00:42:20,979 INFO spawned: 'webserver' with pid 1212
2025-08-19 00:42:21,981 INFO success: webserver entered RUNNING state, process has stayed up for > than 1 seconds (startsecs)
2025-08-19 00:45:10,524 INFO waiting for webserver to stop
2025-08-19 00:45:10,526 WARN stopped: webserver (terminated by SIGTERM)
2025-08-19 00:45:10,533 INFO spawned: 'webserver' with pid 1476
2025-08-19 00:45:11,535 INFO success: webserver entered RUNNING state, process has stayed up for > than 1 seconds (startsecs)
2025-08-19 00:55:48,279 INFO waiting for webserver to stop
2025-08-19 00:55:48,281 WARN stopped: webserver (terminated by SIGTERM)
2025-08-19 00:55:48,286 INFO spawned: 'webserver' with pid 2653
2025-08-19 00:55:49,288 INFO success: webserver entered RUNNING state, process has stayed up for > than 1 seconds (startsecs)
2025-08-19 01:11:40,826 INFO waiting for webserver to stop
2025-08-19 01:11:40,828 WARN stopped: webserver (terminated by SIGTERM)
2025-08-19 01:11:40,832 INFO spawned: 'webserver' with pid 3982
2025-08-19 01:11:41,834 INFO success: webserver entered RUNNING state, process has stayed up for > than 1 seconds (startsecs)
2025-08-19 01:13:20,800 INFO waiting for webserver to stop
2025-08-19 01:13:20,802 WARN stopped: webserver (terminated by SIGTERM)
2025-08-19 01:13:20,806 INFO spawned: 'webserver' with pid 4506
2025-08-19 01:13:21,808 INFO success: webserver entered RUNNING state, process has stayed up for > than 1 seconds (startsecs)
2025-08-19 01:23:27,448 INFO waiting for webserver to stop
2025-08-19 01:23:27,450 WARN stopped: webserver (terminated by SIGTERM)
2025-08-19 01:23:27,453 INFO spawned: 'webserver' with pid 5696
2025-08-19 01:23:28,455 INFO success: webserver entered RUNNING state, process has stayed up for > than 1 seconds (startsecs)
2025-08-19 01:36:13,245 INFO waiting for webserver to stop
2025-08-19 01:36:13,247 WARN stopped: webserver (terminated by SIGTERM)
2025-08-19 01:36:13,250 INFO spawned: 'webserver' with pid 7046
2025-08-19 01:36:14,253 INFO success: webserver entered RUNNING state, process has stayed up for > than 1 seconds (startsecs)
2025-08-19 01:40:35,051 INFO waiting for webserver to stop
2025-08-19 01:40:35,052 WARN stopped: webserver (terminated by SIGTERM)
2025-08-19 01:40:35,056 INFO spawned: 'webserver' with pid 7931
2025-08-19 01:40:36,058 INFO success: webserver entered RUNNING state, process has stayed up for > than 1 seconds (startsecs)
2025-08-19 01:43:43,237 INFO waiting for webserver to stop
2025-08-19 01:43:43,239 WARN stopped: webserver (terminated by SIGTERM)
2025-08-19 01:49:17,192 INFO spawned: 'webserver' with pid 9054
2025-08-19 01:49:18,195 INFO success: webserver entered RUNNING state, process has stayed up for > than 1 seconds (startsecs)
2025-08-19 01:56:15,235 WARN exited: webserver (terminated by SIGTERM; not expected)
2025-08-19 01:56:16,239 INFO spawned: 'webserver' with pid 9849
2025-08-19 01:56:17,241 INFO success: webserver entered RUNNING state, process has stayed up for > than 1 seconds (startsecs)
2025-08-19 01:56:58,378 WARN exited: webserver (terminated by SIGTERM; not expected)
2025-08-19 01:56:58,378 WARN received SIGTERM indicating exit request
2025-08-19 02:21:03,762 INFO RPC interface 'supervisor' initialized
2025-08-19 02:21:03,762 CRIT Server 'unix_http_server' running without any HTTP authentication checking
2025-08-19 02:21:03,765 INFO daemonizing the supervisord process
2025-08-19 02:21:03,765 INFO supervisord started with pid 12250
2025-08-19 02:21:04,769 INFO spawned: 'webserver' with pid 12252
2025-08-19 02:21:05,771 INFO success: webserver entered RUNNING state, process has stayed up for > than 1 seconds (startsecs)
2025-08-19 02:22:20,762 INFO waiting for webserver to stop
2025-08-19 02:22:20,764 WARN stopped: webserver (terminated by SIGTERM)
2025-08-19 02:22:30,064 INFO spawned: 'webserver' with pid 12358
2025-08-19 02:22:30,334 WARN exited: webserver (exit status 1; not expected)
2025-08-19 02:22:31,341 INFO spawned: 'webserver' with pid 12361
2025-08-19 02:22:31,441 WARN exited: webserver (exit status 1; not expected)
2025-08-19 02:22:34,437 INFO spawned: 'webserver' with pid 12367
2025-08-19 02:22:34,541 WARN exited: webserver (exit status 1; not expected)
2025-08-19 02:22:37,547 INFO spawned: 'webserver' with pid 12371
2025-08-19 02:22:37,652 WARN exited: webserver (exit status 1; not expected)
2025-08-19 02:22:38,654 INFO gave up: webserver entered FATAL state, too many start retries too quickly
